<?xml version="1.0" encoding="UTF-8"?>
<!-- Generated by org.testng.reporters.JUnitXMLReporter -->
<testsuite ignored="0" hostname="DESKTOP-N1F5L0C" failures="0" tests="6" name="Test" time="71.382" errors="0" timestamp="2022-03-14T10:20:20 EET">
  <testcase classname="tests.LoginTest" name="loginToApp" time="22.92"/>
  <testcase classname="tests.DashboardTest" name="navigateToInvoentoryCounts" time="10.359"/>
  <testcase classname="tests.InventoryCountTest" name="goToFirstCount" time="5.246"/>
  <testcase classname="tests.StorageLocationTest" name="navigateToInvoentoryCounts" time="5.168"/>
  <testcase classname="tests.InventoryItemsTest" name="navigateToInvoentoryCounts" time="0.988"/>
  <testcase classname="tests.AdditionTest" name="addingTwoIntNo" time="7.464"/>
</testsuite> <!-- Test -->
