<?xml version="1.0" encoding="UTF-8"?>
<!-- Generated by org.testng.reporters.JUnitXMLReporter -->
<testsuite ignored="0" hostname="DESKTOP-KJ1I4K3" failures="0" tests="6" name="Test" time="99.93" errors="0" timestamp="2022-03-13T21:45:01 EET">
  <testcase classname="tests.LoginTest" name="loginToApp" time="44.401"/>
  <testcase classname="tests.DashboardTest" name="navigateToInvoentoryCounts" time="9.552"/>
  <testcase classname="tests.InventoryCountTest" name="goToFirstCount" time="1.73"/>
  <testcase classname="tests.StorageLocationTest" name="navigateToInvoentoryCounts" time="5.634"/>
  <testcase classname="tests.InventoryItemsTest" name="navigateToInvoentoryCounts" time="0.77"/>
  <testcase classname="tests.AdditionTest" name="addingTwoIntNo" time="4.161"/>
</testsuite> <!-- Test -->
