<?xml version="1.0" encoding="UTF-8"?>
<!-- Generated by org.testng.reporters.JUnitXMLReporter -->
<testsuite ignored="0" hostname="DESKTOP-N1F5L0C" failures="0" tests="3" name="Test" time="54.146" errors="0" timestamp="2022-03-14T09:15:35 EET">
  <testcase classname="tests.LoginTest" name="loginToApp" time="23.178"/>
  <testcase classname="tests.DashboardTest" name="navigateToInvoentoryCounts" time="10.245"/>
  <testcase classname="tests.InventoryCountTest" name="goToFirstCount" time="2.598"/>
</testsuite> <!-- Test -->
