<?xml version="1.0" encoding="UTF-8"?>
<!-- Generated by org.testng.reporters.JUnitXMLReporter -->
<testsuite ignored="0" hostname="DESKTOP-KJ1I4K3" failures="0" tests="6" name="Test" time="75.039" errors="0" timestamp="2022-03-13T21:21:10 EET">
  <testcase classname="tests.LoginTest" name="loginToApp" time="25.044"/>
  <testcase classname="tests.DashboardTest" name="navigateToInvoentoryCounts" time="10.773"/>
  <testcase classname="tests.InventoryCountTest" name="goToFirstCount" time="1.247"/>
  <testcase classname="tests.StorageLocationTest" name="navigateToInvoentoryCounts" time="5.257"/>
  <testcase classname="tests.InventoryItemsTest" name="navigateToInvoentoryCounts" time="1.284"/>
  <testcase classname="tests.AdditionTest" name="addingTwoIntNo" time="3.571"/>
</testsuite> <!-- Test -->
