<?xml version="1.0" encoding="UTF-8"?>
<!-- Generated by org.testng.reporters.JUnitXMLReporter -->
<testsuite ignored="0" hostname="DESKTOP-N1F5L0C" failures="2" tests="7" name="Test" time="104.465" errors="0" timestamp="2022-03-14T11:28:54 EET">
  <testcase classname="tests.LoginTest" name="loginToApp" time="20.373"/>
  <testcase classname="tests.DashboardTest" name="navigateToInvoentoryCounts" time="9.796"/>
  <testcase classname="tests.InventoryCountTest" name="goToFirstCount" time="5.235"/>
  <testcase classname="tests.StorageLocationTest" name="navigateToLocationStorageItems" time="5.153"/>
  <testcase classname="tests.InventoryItemsTest" name="navigateToItem" time="2.51"/>
  <testcase classname="tests.AdditionTest" name="addingTwoIntNo" time="8.809">
    <failure type="org.openqa.selenium.StaleElementReferenceException" message="The element &amp;apos;By.id: tv_cost&amp;apos; is not linked to the same object in DOM anymore
For documentation on this error, please visit: https://www.seleniumhq.org/exceptions/stale_element_reference.html
Build info: version: &amp;apos;3.141.59&amp;apos;, revision: &amp;apos;e82be7d358&amp;apos;, time: &amp;apos;2018-11-14T08:17:03&amp;apos;
System info: host: &amp;apos;DESKTOP-N1F5L0C&amp;apos;, ip: &amp;apos;192.168.56.1&amp;apos;, os.name: &amp;apos;Windows 10&amp;apos;, os.arch: &amp;apos;amd64&amp;apos;, os.version: &amp;apos;10.0&amp;apos;, java.version: &amp;apos;15.0.1&amp;apos;
Driver info: io.appium.java_client.android.AndroidDriver
Capabilities {app: D:\QA\repoGFA\src\app.apk, appActivity: com.restaurant365.ui.splash..., appPackage: com.restaurant365.dev, automatioName: UiAutomator2, databaseEnabled: false, desired: {app: D:\QA\repoGFA\src\app.apk, appActivity: com.restaurant365.ui.splash..., appPackage: com.restaurant365.dev, automatioName: UiAutomator2, deviceName: Android Device, platformName: android}, deviceApiLevel: 26, deviceManufacturer: HUAWEI, deviceModel: LDN-L21, deviceName: 26EBB18724164311, deviceScreenDensity: 320, deviceScreenSize: 720x1440, deviceUDID: 26EBB18724164311, javascriptEnabled: true, locationContextEnabled: false, networkConnectionEnabled: true, pixelRatio: 2, platform: LINUX, platformName: Android, platformVersion: 8.0.0, statBarHeight: 48, takesScreenshot: true, viewportRect: {height: 1312, left: 0, top: 48, width: 720}, warnings: {}, webStorageEnabled: false}
Session ID: 77b44528-4099-4333-95a5-d3b188e79550">
      <![CDATA[org.openqa.selenium.StaleElementReferenceException: The element 'By.id: tv_cost' is not linked to the same object in DOM anymore
For documentation on this error, please visit: https://www.seleniumhq.org/exceptions/stale_element_reference.html
Build info: version: '3.141.59', revision: 'e82be7d358', time: '2018-11-14T08:17:03'
System info: host: 'DESKTOP-N1F5L0C', ip: '192.168.56.1', os.name: 'Windows 10', os.arch: 'amd64', os.version: '10.0', java.version: '15.0.1'
Driver info: io.appium.java_client.android.AndroidDriver
Capabilities {app: D:\QA\repoGFA\src\app.apk, appActivity: com.restaurant365.ui.splash..., appPackage: com.restaurant365.dev, automatioName: UiAutomator2, databaseEnabled: false, desired: {app: D:\QA\repoGFA\src\app.apk, appActivity: com.restaurant365.ui.splash..., appPackage: com.restaurant365.dev, automatioName: UiAutomator2, deviceName: Android Device, platformName: android}, deviceApiLevel: 26, deviceManufacturer: HUAWEI, deviceModel: LDN-L21, deviceName: 26EBB18724164311, deviceScreenDensity: 320, deviceScreenSize: 720x1440, deviceUDID: 26EBB18724164311, javascriptEnabled: true, locationContextEnabled: false, networkConnectionEnabled: true, pixelRatio: 2, platform: LINUX, platformName: Android, platformVersion: 8.0.0, statBarHeight: 48, takesScreenshot: true, viewportRect: {height: 1312, left: 0, top: 48, width: 720}, warnings: {}, webStorageEnabled: false}
Session ID: 77b44528-4099-4333-95a5-d3b188e79550
at org.openqa.selenium.remote.http.W3CHttpResponseCodec.createException(W3CHttpResponseCodec.java:187)
at org.openqa.selenium.remote.http.W3CHttpResponseCodec.decode(W3CHttpResponseCodec.java:122)
at org.openqa.selenium.remote.http.W3CHttpResponseCodec.decode(W3CHttpResponseCodec.java:49)
at org.openqa.selenium.remote.HttpCommandExecutor.execute(HttpCommandExecutor.java:158)
at io.appium.java_client.remote.AppiumCommandExecutor.execute(AppiumCommandExecutor.java:250)
at org.openqa.selenium.remote.RemoteWebDriver.execute(RemoteWebDriver.java:552)
at io.appium.java_client.DefaultGenericMobileDriver.execute(DefaultGenericMobileDriver.java:41)
at io.appium.java_client.AppiumDriver.execute(AppiumDriver.java:1)
at io.appium.java_client.android.AndroidDriver.execute(AndroidDriver.java:1)
at org.openqa.selenium.remote.RemoteWebElement.execute(RemoteWebElement.java:285)
at io.appium.java_client.DefaultGenericMobileElement.execute(DefaultGenericMobileElement.java:45)
at io.appium.java_client.MobileElement.execute(MobileElement.java:1)
at io.appium.java_client.android.AndroidElement.execute(AndroidElement.java:1)
at org.openqa.selenium.remote.RemoteWebElement.isDisplayed(RemoteWebElement.java:326)
at io.appium.java_client.pagefactory.ElementInterceptor.getObject(ElementInterceptor.java:40)
at io.appium.java_client.pagefactory.interceptors.InterceptorOfASingleElement.intercept(InterceptorOfASingleElement.java:60)
at io.appium.java_client.android.AndroidElement$$EnhancerByCGLIB$$b598166c.isDisplayed(<generated>)
at org.openqa.selenium.support.ui.ExpectedConditions.elementIfVisible(ExpectedConditions.java:314)
at org.openqa.selenium.support.ui.ExpectedConditions.access$000(ExpectedConditions.java:43)
at org.openqa.selenium.support.ui.ExpectedConditions$10.apply(ExpectedConditions.java:300)
at org.openqa.selenium.support.ui.ExpectedConditions$10.apply(ExpectedConditions.java:297)
at org.openqa.selenium.support.ui.FluentWait.until(FluentWait.java:249)
at tests.BaseTest.waitVisibilityOf(BaseTest.java:32)
at Item.ItemAssertions.verifyCalculatorOutput(ItemAssertions.java:20)
at tests.AdditionTest.addingTwoIntNo(AdditionTest.java:45)
at java.base/java.util.ArrayList.forEach(ArrayList.java:1511)
... Removed 36 stack frames]]>
    </failure>
  </testcase> <!-- addingTwoIntNo -->
  <testcase classname="tests.MultiplyTest" name="multiplyTwoIntNo" time="7.991">
    <failure type="java.lang.NumberFormatException" message="For input string: &amp;quot;1,200&amp;quot;">
      <![CDATA[java.lang.NumberFormatException: For input string: "1,200"
at java.base/java.lang.NumberFormatException.forInputString(NumberFormatException.java:68)
at java.base/java.lang.Integer.parseInt(Integer.java:652)
at java.base/java.lang.Integer.parseInt(Integer.java:770)
at Item.ItemAssertions.verifyCalculatorOutput(ItemAssertions.java:26)
at tests.MultiplyTest.multiplyTwoIntNo(MultiplyTest.java:38)
at java.base/java.util.ArrayList.forEach(ArrayList.java:1511)
... Removed 27 stack frames]]>
    </failure>
  </testcase> <!-- multiplyTwoIntNo -->
</testsuite> <!-- Test -->
