<?xml version="1.0" encoding="UTF-8"?>
<testng-results ignored="0" total="6" passed="6" failed="0" skipped="0">
  <reporter-output>
  </reporter-output>
  <suite started-at="2022-03-13T21:19:55 EET" name="Suite" finished-at="2022-03-13T21:21:10 EET" duration-ms="75039">
    <groups>
    </groups>
    <test started-at="2022-03-13T21:19:55 EET" name="Test" finished-at="2022-03-13T21:21:10 EET" duration-ms="75039">
      <class name="tests.LoginTest">
        <test-method is-config="true" signature="startDevice()[pri:0, instance:tests.LoginTest@298a5e20]" started-at="2022-03-13T21:19:55 EET" name="startDevice" finished-at="2022-03-13T21:20:23 EET" duration-ms="27441" status="PASS">
          <reporter-output>
          </reporter-output>
        </test-method> <!-- startDevice -->
        <test-method is-config="true" signature="beforeClass()[pri:0, instance:tests.LoginTest@298a5e20]" started-at="2022-03-13T21:20:23 EET" name="beforeClass" finished-at="2022-03-13T21:20:23 EET" duration-ms="276" status="PASS">
          <reporter-output>
          </reporter-output>
        </test-method> <!-- beforeClass -->
        <test-method signature="loginToApp()[pri:0, instance:tests.LoginTest@298a5e20]" started-at="2022-03-13T21:20:23 EET" name="loginToApp" finished-at="2022-03-13T21:20:48 EET" duration-ms="25044" status="PASS">
          <reporter-output>
          </reporter-output>
        </test-method> <!-- loginToApp -->
      </class> <!-- tests.LoginTest -->
      <class name="tests.InventoryCountTest">
        <test-method is-config="true" signature="beforeClass()[pri:0, instance:tests.InventoryCountTest@1ed4ae0f]" started-at="2022-03-13T21:20:59 EET" name="beforeClass" finished-at="2022-03-13T21:20:59 EET" duration-ms="6" status="PASS">
          <reporter-output>
          </reporter-output>
        </test-method> <!-- beforeClass -->
        <test-method signature="goToFirstCount()[pri:0, instance:tests.InventoryCountTest@1ed4ae0f]" started-at="2022-03-13T21:20:59 EET" name="goToFirstCount" finished-at="2022-03-13T21:21:00 EET" duration-ms="1247" status="PASS">
          <reporter-output>
          </reporter-output>
        </test-method> <!-- goToFirstCount -->
      </class> <!-- tests.InventoryCountTest -->
      <class name="tests.StorageLocationTest">
        <test-method is-config="true" signature="beforeClass()[pri:0, instance:tests.StorageLocationTest@54c5a2ff]" started-at="2022-03-13T21:21:00 EET" name="beforeClass" finished-at="2022-03-13T21:21:00 EET" duration-ms="2" status="PASS">
          <reporter-output>
          </reporter-output>
        </test-method> <!-- beforeClass -->
        <test-method signature="navigateToInvoentoryCounts()[pri:0, instance:tests.StorageLocationTest@54c5a2ff]" started-at="2022-03-13T21:21:00 EET" name="navigateToInvoentoryCounts" finished-at="2022-03-13T21:21:05 EET" duration-ms="5257" status="PASS">
          <reporter-output>
          </reporter-output>
        </test-method> <!-- navigateToInvoentoryCounts -->
      </class> <!-- tests.StorageLocationTest -->
      <class name="tests.InventoryItemsTest">
        <test-method is-config="true" signature="beforeClass()[pri:0, instance:tests.InventoryItemsTest@6d4d66d2]" started-at="2022-03-13T21:21:05 EET" name="beforeClass" finished-at="2022-03-13T21:21:05 EET" duration-ms="4" status="PASS">
          <reporter-output>
          </reporter-output>
        </test-method> <!-- beforeClass -->
        <test-method signature="navigateToInvoentoryCounts()[pri:0, instance:tests.InventoryItemsTest@6d4d66d2]" started-at="2022-03-13T21:21:05 EET" name="navigateToInvoentoryCounts" finished-at="2022-03-13T21:21:07 EET" duration-ms="1284" status="PASS">
          <reporter-output>
          </reporter-output>
        </test-method> <!-- navigateToInvoentoryCounts -->
      </class> <!-- tests.InventoryItemsTest -->
      <class name="tests.AdditionTest">
        <test-method is-config="true" signature="beforeClass()[pri:0, instance:tests.AdditionTest@2a265ea9]" started-at="2022-03-13T21:21:07 EET" name="beforeClass" finished-at="2022-03-13T21:21:07 EET" duration-ms="11" status="PASS">
          <reporter-output>
          </reporter-output>
        </test-method> <!-- beforeClass -->
        <test-method signature="addingTwoIntNo()[pri:0, instance:tests.AdditionTest@2a265ea9]" started-at="2022-03-13T21:21:07 EET" name="addingTwoIntNo" finished-at="2022-03-13T21:21:10 EET" duration-ms="3571" status="PASS">
          <reporter-output>
          </reporter-output>
        </test-method> <!-- addingTwoIntNo -->
      </class> <!-- tests.AdditionTest -->
      <class name="tests.DashboardTest">
        <test-method is-config="true" signature="beforeClass()[pri:0, instance:tests.DashboardTest@7526515b]" started-at="2022-03-13T21:20:48 EET" name="beforeClass" finished-at="2022-03-13T21:20:48 EET" duration-ms="32" status="PASS">
          <reporter-output>
          </reporter-output>
        </test-method> <!-- beforeClass -->
        <test-method signature="navigateToInvoentoryCounts()[pri:0, instance:tests.DashboardTest@7526515b]" started-at="2022-03-13T21:20:48 EET" name="navigateToInvoentoryCounts" finished-at="2022-03-13T21:20:59 EET" duration-ms="10773" status="PASS">
          <reporter-output>
          </reporter-output>
        </test-method> <!-- navigateToInvoentoryCounts -->
      </class> <!-- tests.DashboardTest -->
    </test> <!-- Test -->
  </suite> <!-- Suite -->
</testng-results>
