<?xml version="1.0" encoding="UTF-8"?>
<testng-results ignored="0" total="3" passed="3" failed="0" skipped="0">
  <reporter-output>
  </reporter-output>
  <suite started-at="2022-03-14T09:14:41 EET" name="Suite" finished-at="2022-03-14T09:15:35 EET" duration-ms="54146">
    <groups>
    </groups>
    <test started-at="2022-03-14T09:14:41 EET" name="Test" finished-at="2022-03-14T09:15:35 EET" duration-ms="54146">
      <class name="tests.LoginTest">
        <test-method is-config="true" signature="startDevice()[pri:0, instance:tests.LoginTest@76505305]" started-at="2022-03-14T09:14:41 EET" name="startDevice" finished-at="2022-03-14T09:14:59 EET" duration-ms="17864" status="PASS">
          <reporter-output>
          </reporter-output>
        </test-method> <!-- startDevice -->
        <test-method is-config="true" signature="beforeClass()[pri:0, instance:tests.LoginTest@76505305]" started-at="2022-03-14T09:14:59 EET" name="beforeClass" finished-at="2022-03-14T09:14:59 EET" duration-ms="112" status="PASS">
          <reporter-output>
          </reporter-output>
        </test-method> <!-- beforeClass -->
        <test-method signature="loginToApp()[pri:0, instance:tests.LoginTest@76505305]" started-at="2022-03-14T09:14:59 EET" name="loginToApp" finished-at="2022-03-14T09:15:22 EET" duration-ms="23178" status="PASS">
          <reporter-output>
          </reporter-output>
        </test-method> <!-- loginToApp -->
      </class> <!-- tests.LoginTest -->
      <class name="tests.InventoryCountTest">
        <test-method is-config="true" signature="beforeClass()[pri:0, instance:tests.InventoryCountTest@3e694b3f]" started-at="2022-03-14T09:15:32 EET" name="beforeClass" finished-at="2022-03-14T09:15:32 EET" duration-ms="10" status="PASS">
          <reporter-output>
          </reporter-output>
        </test-method> <!-- beforeClass -->
        <test-method signature="goToFirstCount()[pri:0, instance:tests.InventoryCountTest@3e694b3f]" started-at="2022-03-14T09:15:32 EET" name="goToFirstCount" finished-at="2022-03-14T09:15:35 EET" duration-ms="2598" status="PASS">
          <reporter-output>
          </reporter-output>
        </test-method> <!-- goToFirstCount -->
      </class> <!-- tests.InventoryCountTest -->
      <class name="tests.DashboardTest">
        <test-method is-config="true" signature="beforeClass()[pri:0, instance:tests.DashboardTest@65fb9ffc]" started-at="2022-03-14T09:15:22 EET" name="beforeClass" finished-at="2022-03-14T09:15:22 EET" duration-ms="100" status="PASS">
          <reporter-output>
          </reporter-output>
        </test-method> <!-- beforeClass -->
        <test-method signature="navigateToInvoentoryCounts()[pri:0, instance:tests.DashboardTest@65fb9ffc]" started-at="2022-03-14T09:15:22 EET" name="navigateToInvoentoryCounts" finished-at="2022-03-14T09:15:32 EET" duration-ms="10245" status="PASS">
          <reporter-output>
          </reporter-output>
        </test-method> <!-- navigateToInvoentoryCounts -->
      </class> <!-- tests.DashboardTest -->
    </test> <!-- Test -->
  </suite> <!-- Suite -->
</testng-results>
