<?xml version="1.0" encoding="UTF-8"?>
<testng-results ignored="0" total="7" passed="5" failed="2" skipped="0">
  <reporter-output>
  </reporter-output>
  <suite started-at="2022-03-14T11:27:10 EET" name="Suite" finished-at="2022-03-14T11:28:54 EET" duration-ms="104465">
    <groups>
    </groups>
    <test started-at="2022-03-14T11:27:10 EET" name="Test" finished-at="2022-03-14T11:28:54 EET" duration-ms="104465">
      <class name="tests.LoginTest">
        <test-method is-config="true" signature="startDevice()[pri:0, instance:tests.LoginTest@1bb5a082]" started-at="2022-03-14T11:27:10 EET" name="startDevice" finished-at="2022-03-14T11:27:54 EET" duration-ms="44436" status="PASS">
          <reporter-output>
          </reporter-output>
        </test-method> <!-- startDevice -->
        <test-method is-config="true" signature="beforeClass()[pri:0, instance:tests.LoginTest@1bb5a082]" started-at="2022-03-14T11:27:54 EET" name="beforeClass" finished-at="2022-03-14T11:27:54 EET" duration-ms="93" status="PASS">
          <reporter-output>
          </reporter-output>
        </test-method> <!-- beforeClass -->
        <test-method signature="loginToApp()[pri:0, instance:tests.LoginTest@1bb5a082]" started-at="2022-03-14T11:27:54 EET" name="loginToApp" finished-at="2022-03-14T11:28:15 EET" duration-ms="20373" status="PASS">
          <reporter-output>
          </reporter-output>
        </test-method> <!-- loginToApp -->
      </class> <!-- tests.LoginTest -->
      <class name="tests.MultiplyTest">
        <test-method is-config="true" signature="beforeClass()[pri:0, instance:tests.MultiplyTest@30c15d8b]" started-at="2022-03-14T11:28:46 EET" name="beforeClass" finished-at="2022-03-14T11:28:46 EET" duration-ms="4" status="PASS">
          <reporter-output>
          </reporter-output>
        </test-method> <!-- beforeClass -->
        <test-method signature="multiplyTwoIntNo()[pri:0, instance:tests.MultiplyTest@30c15d8b]" started-at="2022-03-14T11:28:46 EET" name="multiplyTwoIntNo" finished-at="2022-03-14T11:28:54 EET" duration-ms="7991" status="FAIL">
          <exception class="java.lang.NumberFormatException">
            <message>
              <![CDATA[For input string: "1,200"]]>
            </message>
            <full-stacktrace>
              <![CDATA[java.lang.NumberFormatException: For input string: "1,200"
at java.base/java.lang.NumberFormatException.forInputString(NumberFormatException.java:68)
at java.base/java.lang.Integer.parseInt(Integer.java:652)
at java.base/java.lang.Integer.parseInt(Integer.java:770)
at Item.ItemAssertions.verifyCalculatorOutput(ItemAssertions.java:26)
at tests.MultiplyTest.multiplyTwoIntNo(MultiplyTest.java:38)
at java.base/jdk.internal.reflect.NativeMethodAccessorImpl.invoke0(Native Method)
at java.base/jdk.internal.reflect.NativeMethodAccessorImpl.invoke(NativeMethodAccessorImpl.java:64)
at java.base/jdk.internal.reflect.DelegatingMethodAccessorImpl.invoke(DelegatingMethodAccessorImpl.java:43)
at java.base/java.lang.reflect.Method.invoke(Method.java:564)
at org.testng.internal.MethodInvocationHelper.invokeMethod(MethodInvocationHelper.java:133)
at org.testng.internal.TestInvoker.invokeMethod(TestInvoker.java:598)
at org.testng.internal.TestInvoker.invokeTestMethod(TestInvoker.java:173)
at org.testng.internal.MethodRunner.runInSequence(MethodRunner.java:46)
at org.testng.internal.TestInvoker$MethodInvocationAgent.invoke(TestInvoker.java:824)
at org.testng.internal.TestInvoker.invokeTestMethods(TestInvoker.java:146)
at org.testng.internal.TestMethodWorker.invokeTestMethods(TestMethodWorker.java:146)
at org.testng.internal.TestMethodWorker.run(TestMethodWorker.java:128)
at java.base/java.util.ArrayList.forEach(ArrayList.java:1511)
at org.testng.TestRunner.privateRun(TestRunner.java:794)
at org.testng.TestRunner.run(TestRunner.java:596)
at org.testng.SuiteRunner.runTest(SuiteRunner.java:377)
at org.testng.SuiteRunner.runSequentially(SuiteRunner.java:371)
at org.testng.SuiteRunner.privateRun(SuiteRunner.java:332)
at org.testng.SuiteRunner.run(SuiteRunner.java:276)
at org.testng.SuiteRunnerWorker.runSuite(SuiteRunnerWorker.java:53)
at org.testng.SuiteRunnerWorker.run(SuiteRunnerWorker.java:96)
at org.testng.TestNG.runSuitesSequentially(TestNG.java:1212)
at org.testng.TestNG.runSuitesLocally(TestNG.java:1134)
at org.testng.TestNG.runSuites(TestNG.java:1063)
at org.testng.TestNG.run(TestNG.java:1031)
at org.testng.remote.AbstractRemoteTestNG.run(AbstractRemoteTestNG.java:115)
at org.testng.remote.RemoteTestNG.initAndRun(RemoteTestNG.java:251)
at org.testng.remote.RemoteTestNG.main(RemoteTestNG.java:77)
]]>
            </full-stacktrace>
          </exception> <!-- java.lang.NumberFormatException -->
          <reporter-output>
          </reporter-output>
        </test-method> <!-- multiplyTwoIntNo -->
      </class> <!-- tests.MultiplyTest -->
      <class name="tests.InventoryCountTest">
        <test-method is-config="true" signature="beforeClass()[pri:0, instance:tests.InventoryCountTest@765d7657]" started-at="2022-03-14T11:28:24 EET" name="beforeClass" finished-at="2022-03-14T11:28:24 EET" duration-ms="11" status="PASS">
          <reporter-output>
          </reporter-output>
        </test-method> <!-- beforeClass -->
        <test-method signature="goToFirstCount()[pri:0, instance:tests.InventoryCountTest@765d7657]" started-at="2022-03-14T11:28:24 EET" name="goToFirstCount" finished-at="2022-03-14T11:28:30 EET" duration-ms="5235" status="PASS">
          <reporter-output>
          </reporter-output>
        </test-method> <!-- goToFirstCount -->
      </class> <!-- tests.InventoryCountTest -->
      <class name="tests.StorageLocationTest">
        <test-method is-config="true" signature="beforeClass()[pri:0, instance:tests.StorageLocationTest@74235045]" started-at="2022-03-14T11:28:30 EET" name="beforeClass" finished-at="2022-03-14T11:28:30 EET" duration-ms="1" status="PASS">
          <reporter-output>
          </reporter-output>
        </test-method> <!-- beforeClass -->
        <test-method signature="navigateToLocationStorageItems()[pri:0, instance:tests.StorageLocationTest@74235045]" started-at="2022-03-14T11:28:30 EET" name="navigateToLocationStorageItems" finished-at="2022-03-14T11:28:35 EET" duration-ms="5153" status="PASS">
          <reporter-output>
          </reporter-output>
        </test-method> <!-- navigateToLocationStorageItems -->
      </class> <!-- tests.StorageLocationTest -->
      <class name="tests.InventoryItemsTest">
        <test-method is-config="true" signature="beforeClass()[pri:0, instance:tests.InventoryItemsTest@618b19ad]" started-at="2022-03-14T11:28:35 EET" name="beforeClass" finished-at="2022-03-14T11:28:35 EET" duration-ms="2" status="PASS">
          <reporter-output>
          </reporter-output>
        </test-method> <!-- beforeClass -->
        <test-method signature="navigateToItem()[pri:0, instance:tests.InventoryItemsTest@618b19ad]" started-at="2022-03-14T11:28:35 EET" name="navigateToItem" finished-at="2022-03-14T11:28:37 EET" duration-ms="2510" status="PASS">
          <reporter-output>
          </reporter-output>
        </test-method> <!-- navigateToItem -->
      </class> <!-- tests.InventoryItemsTest -->
      <class name="tests.AdditionTest">
        <test-method is-config="true" signature="beforeClass()[pri:0, instance:tests.AdditionTest@2d3379b4]" started-at="2022-03-14T11:28:37 EET" name="beforeClass" finished-at="2022-03-14T11:28:37 EET" duration-ms="7" status="PASS">
          <reporter-output>
          </reporter-output>
        </test-method> <!-- beforeClass -->
        <test-method signature="addingTwoIntNo()[pri:0, instance:tests.AdditionTest@2d3379b4]" started-at="2022-03-14T11:28:37 EET" name="addingTwoIntNo" finished-at="2022-03-14T11:28:46 EET" duration-ms="8809" status="FAIL">
          <exception class="org.openqa.selenium.StaleElementReferenceException">
            <message>
              <![CDATA[The element 'By.id: tv_cost' is not linked to the same object in DOM anymore
For documentation on this error, please visit: https://www.seleniumhq.org/exceptions/stale_element_reference.html
Build info: version: '3.141.59', revision: 'e82be7d358', time: '2018-11-14T08:17:03'
System info: host: 'DESKTOP-N1F5L0C', ip: '192.168.56.1', os.name: 'Windows 10', os.arch: 'amd64', os.version: '10.0', java.version: '15.0.1'
Driver info: io.appium.java_client.android.AndroidDriver
Capabilities {app: D:\QA\repoGFA\src\app.apk, appActivity: com.restaurant365.ui.splash..., appPackage: com.restaurant365.dev, automatioName: UiAutomator2, databaseEnabled: false, desired: {app: D:\QA\repoGFA\src\app.apk, appActivity: com.restaurant365.ui.splash..., appPackage: com.restaurant365.dev, automatioName: UiAutomator2, deviceName: Android Device, platformName: android}, deviceApiLevel: 26, deviceManufacturer: HUAWEI, deviceModel: LDN-L21, deviceName: 26EBB18724164311, deviceScreenDensity: 320, deviceScreenSize: 720x1440, deviceUDID: 26EBB18724164311, javascriptEnabled: true, locationContextEnabled: false, networkConnectionEnabled: true, pixelRatio: 2, platform: LINUX, platformName: Android, platformVersion: 8.0.0, statBarHeight: 48, takesScreenshot: true, viewportRect: {height: 1312, left: 0, top: 48, width: 720}, warnings: {}, webStorageEnabled: false}
Session ID: 77b44528-4099-4333-95a5-d3b188e79550]]>
            </message>
            <full-stacktrace>
              <![CDATA[org.openqa.selenium.StaleElementReferenceException: The element 'By.id: tv_cost' is not linked to the same object in DOM anymore
For documentation on this error, please visit: https://www.seleniumhq.org/exceptions/stale_element_reference.html
Build info: version: '3.141.59', revision: 'e82be7d358', time: '2018-11-14T08:17:03'
System info: host: 'DESKTOP-N1F5L0C', ip: '192.168.56.1', os.name: 'Windows 10', os.arch: 'amd64', os.version: '10.0', java.version: '15.0.1'
Driver info: io.appium.java_client.android.AndroidDriver
Capabilities {app: D:\QA\repoGFA\src\app.apk, appActivity: com.restaurant365.ui.splash..., appPackage: com.restaurant365.dev, automatioName: UiAutomator2, databaseEnabled: false, desired: {app: D:\QA\repoGFA\src\app.apk, appActivity: com.restaurant365.ui.splash..., appPackage: com.restaurant365.dev, automatioName: UiAutomator2, deviceName: Android Device, platformName: android}, deviceApiLevel: 26, deviceManufacturer: HUAWEI, deviceModel: LDN-L21, deviceName: 26EBB18724164311, deviceScreenDensity: 320, deviceScreenSize: 720x1440, deviceUDID: 26EBB18724164311, javascriptEnabled: true, locationContextEnabled: false, networkConnectionEnabled: true, pixelRatio: 2, platform: LINUX, platformName: Android, platformVersion: 8.0.0, statBarHeight: 48, takesScreenshot: true, viewportRect: {height: 1312, left: 0, top: 48, width: 720}, warnings: {}, webStorageEnabled: false}
Session ID: 77b44528-4099-4333-95a5-d3b188e79550
at java.base/jdk.internal.reflect.NativeConstructorAccessorImpl.newInstance0(Native Method)
at java.base/jdk.internal.reflect.NativeConstructorAccessorImpl.newInstance(NativeConstructorAccessorImpl.java:64)
at java.base/jdk.internal.reflect.DelegatingConstructorAccessorImpl.newInstance(DelegatingConstructorAccessorImpl.java:45)
at java.base/java.lang.reflect.Constructor.newInstanceWithCaller(Constructor.java:500)
at java.base/java.lang.reflect.Constructor.newInstance(Constructor.java:481)
at org.openqa.selenium.remote.http.W3CHttpResponseCodec.createException(W3CHttpResponseCodec.java:187)
at org.openqa.selenium.remote.http.W3CHttpResponseCodec.decode(W3CHttpResponseCodec.java:122)
at org.openqa.selenium.remote.http.W3CHttpResponseCodec.decode(W3CHttpResponseCodec.java:49)
at org.openqa.selenium.remote.HttpCommandExecutor.execute(HttpCommandExecutor.java:158)
at io.appium.java_client.remote.AppiumCommandExecutor.execute(AppiumCommandExecutor.java:250)
at org.openqa.selenium.remote.RemoteWebDriver.execute(RemoteWebDriver.java:552)
at io.appium.java_client.DefaultGenericMobileDriver.execute(DefaultGenericMobileDriver.java:41)
at io.appium.java_client.AppiumDriver.execute(AppiumDriver.java:1)
at io.appium.java_client.android.AndroidDriver.execute(AndroidDriver.java:1)
at org.openqa.selenium.remote.RemoteWebElement.execute(RemoteWebElement.java:285)
at io.appium.java_client.DefaultGenericMobileElement.execute(DefaultGenericMobileElement.java:45)
at io.appium.java_client.MobileElement.execute(MobileElement.java:1)
at io.appium.java_client.android.AndroidElement.execute(AndroidElement.java:1)
at org.openqa.selenium.remote.RemoteWebElement.isDisplayed(RemoteWebElement.java:326)
at java.base/jdk.internal.reflect.NativeMethodAccessorImpl.invoke0(Native Method)
at java.base/jdk.internal.reflect.NativeMethodAccessorImpl.invoke(NativeMethodAccessorImpl.java:64)
at java.base/jdk.internal.reflect.DelegatingMethodAccessorImpl.invoke(DelegatingMethodAccessorImpl.java:43)
at java.base/java.lang.reflect.Method.invoke(Method.java:564)
at io.appium.java_client.pagefactory.ElementInterceptor.getObject(ElementInterceptor.java:40)
at io.appium.java_client.pagefactory.interceptors.InterceptorOfASingleElement.intercept(InterceptorOfASingleElement.java:60)
at io.appium.java_client.android.AndroidElement$$EnhancerByCGLIB$$b598166c.isDisplayed(<generated>)
at org.openqa.selenium.support.ui.ExpectedConditions.elementIfVisible(ExpectedConditions.java:314)
at org.openqa.selenium.support.ui.ExpectedConditions.access$000(ExpectedConditions.java:43)
at org.openqa.selenium.support.ui.ExpectedConditions$10.apply(ExpectedConditions.java:300)
at org.openqa.selenium.support.ui.ExpectedConditions$10.apply(ExpectedConditions.java:297)
at org.openqa.selenium.support.ui.FluentWait.until(FluentWait.java:249)
at tests.BaseTest.waitVisibilityOf(BaseTest.java:32)
at Item.ItemAssertions.verifyCalculatorOutput(ItemAssertions.java:20)
at tests.AdditionTest.addingTwoIntNo(AdditionTest.java:45)
at java.base/jdk.internal.reflect.NativeMethodAccessorImpl.invoke0(Native Method)
at java.base/jdk.internal.reflect.NativeMethodAccessorImpl.invoke(NativeMethodAccessorImpl.java:64)
at java.base/jdk.internal.reflect.DelegatingMethodAccessorImpl.invoke(DelegatingMethodAccessorImpl.java:43)
at java.base/java.lang.reflect.Method.invoke(Method.java:564)
at org.testng.internal.MethodInvocationHelper.invokeMethod(MethodInvocationHelper.java:133)
at org.testng.internal.TestInvoker.invokeMethod(TestInvoker.java:598)
at org.testng.internal.TestInvoker.invokeTestMethod(TestInvoker.java:173)
at org.testng.internal.MethodRunner.runInSequence(MethodRunner.java:46)
at org.testng.internal.TestInvoker$MethodInvocationAgent.invoke(TestInvoker.java:824)
at org.testng.internal.TestInvoker.invokeTestMethods(TestInvoker.java:146)
at org.testng.internal.TestMethodWorker.invokeTestMethods(TestMethodWorker.java:146)
at org.testng.internal.TestMethodWorker.run(TestMethodWorker.java:128)
at java.base/java.util.ArrayList.forEach(ArrayList.java:1511)
at org.testng.TestRunner.privateRun(TestRunner.java:794)
at org.testng.TestRunner.run(TestRunner.java:596)
at org.testng.SuiteRunner.runTest(SuiteRunner.java:377)
at org.testng.SuiteRunner.runSequentially(SuiteRunner.java:371)
at org.testng.SuiteRunner.privateRun(SuiteRunner.java:332)
at org.testng.SuiteRunner.run(SuiteRunner.java:276)
at org.testng.SuiteRunnerWorker.runSuite(SuiteRunnerWorker.java:53)
at org.testng.SuiteRunnerWorker.run(SuiteRunnerWorker.java:96)
at org.testng.TestNG.runSuitesSequentially(TestNG.java:1212)
at org.testng.TestNG.runSuitesLocally(TestNG.java:1134)
at org.testng.TestNG.runSuites(TestNG.java:1063)
at org.testng.TestNG.run(TestNG.java:1031)
at org.testng.remote.AbstractRemoteTestNG.run(AbstractRemoteTestNG.java:115)
at org.testng.remote.RemoteTestNG.initAndRun(RemoteTestNG.java:251)
at org.testng.remote.RemoteTestNG.main(RemoteTestNG.java:77)
]]>
            </full-stacktrace>
          </exception> <!-- org.openqa.selenium.StaleElementReferenceException -->
          <reporter-output>
          </reporter-output>
        </test-method> <!-- addingTwoIntNo -->
      </class> <!-- tests.AdditionTest -->
      <class name="tests.DashboardTest">
        <test-method is-config="true" signature="beforeClass()[pri:0, instance:tests.DashboardTest@443118b0]" started-at="2022-03-14T11:28:15 EET" name="beforeClass" finished-at="2022-03-14T11:28:15 EET" duration-ms="3" status="PASS">
          <reporter-output>
          </reporter-output>
        </test-method> <!-- beforeClass -->
        <test-method signature="navigateToInvoentoryCounts()[pri:0, instance:tests.DashboardTest@443118b0]" started-at="2022-03-14T11:28:15 EET" name="navigateToInvoentoryCounts" finished-at="2022-03-14T11:28:24 EET" duration-ms="9796" status="PASS">
          <reporter-output>
          </reporter-output>
        </test-method> <!-- navigateToInvoentoryCounts -->
      </class> <!-- tests.DashboardTest -->
    </test> <!-- Test -->
  </suite> <!-- Suite -->
</testng-results>
