<?xml version="1.0" encoding="UTF-8"?>
<!-- Generated by org.testng.reporters.JUnitXMLReporter -->
<testsuite ignored="0" hostname="DESKTOP-N1F5L0C" failures="0" tests="1" name="Test(failed)(failed)(failed)" time="0.179" errors="0" timestamp="2022-03-14T09:55:31 EET">
  <testcase classname="tests.AdditionTest" name="@BeforeClass beforeClass" time="0.134">
    <failure type="java.lang.IllegalArgumentException" message="Can not set io.appium.java_client.MobileElement field Item.Item.addBtn to org.openqa.selenium.remote.RemoteWebElement$$EnhancerByCGLIB$$d27c0df4">
      <![CDATA[java.lang.IllegalArgumentException: Can not set io.appium.java_client.MobileElement field Item.Item.addBtn to org.openqa.selenium.remote.RemoteWebElement$$EnhancerByCGLIB$$d27c0df4
at org.openqa.selenium.support.PageFactory.proxyFields(PageFactory.java:117)
at org.openqa.selenium.support.PageFactory.initElements(PageFactory.java:105)
at tests.BaseTest.<init>(BaseTest.java:21)
at Item.Item.<init>(Item.java:8)
at Item.ItemActions.<init>(ItemActions.java:6)
at tests.AdditionTest.beforeClass(AdditionTest.java:17)
at java.base/java.util.ArrayList.forEach(ArrayList.java:1511)
... Removed 29 stack frames]]>
    </failure>
  </testcase> <!-- @BeforeClass beforeClass -->
  <testcase classname="tests.AdditionTest" name="addingTwoIntNo" time="0.0">
    <skipped/>
  </testcase> <!-- addingTwoIntNo -->
</testsuite> <!-- Test(failed)(failed)(failed) -->
